# JRE version: OpenJDK Runtime Environment (8.0_202-b03) (build 1.8.0_202-release-1483-b03)
# Java VM: OpenJDK 64-Bit Server VM (25.202-b03 mixed mode windows-amd64 compressed oops)
Heap:
 PSYoungGen      total 390144K, used 85054K [0x00000000e0000000, 0x00000000fe080000, 0x0000000100000000)
  eden space 321536K, 19% used [0x00000000e0000000,0x00000000e3c56c50,0x00000000f3a00000)
  from space 68608K, 33% used [0x00000000f3a00000,0x00000000f50b8c38,0x00000000f7d00000)
  to   space 65536K, 0% used [0x00000000fa080000,0x00000000fa080000,0x00000000fe080000)
 ParOldGen       total 221184K, used 128009K [0x00000000a0000000, 0x00000000ad800000, 0x00000000e0000000)
  object space 221184K, 57% used [0x00000000a0000000,0x00000000a7d02720,0x00000000ad800000)
 Metaspace       used 101135K, capacity 106334K, committed 106904K, reserved 1142784K
  class space    used 12771K, capacity 13712K, committed 13976K, reserved 1048576K
GC Heap History (10 events):
Event: 1526.672 GC heap before
{Heap before GC invocations=29 (full 4):
 PSYoungGen      total 287232K, used 287222K [0x00000000e0000000, 0x00000000f4e00000, 0x0000000100000000)
  eden space 254464K, 100% used [0x00000000e0000000,0x00000000ef880000,0x00000000ef880000)
  from space 32768K, 99% used [0x00000000f1e80000,0x00000000f3e7dad0,0x00000000f3e80000)
  to   space 38912K, 0% used [0x00000000ef880000,0x00000000ef880000,0x00000000f1e80000)
 ParOldGen       total 221184K, used 69168K [0x00000000a0000000, 0x00000000ad800000, 0x00000000e0000000)
  object space 221184K, 31% used [0x00000000a0000000,0x00000000a438c220,0x00000000ad800000)
 Metaspace       used 96848K, capacity 100818K, committed 103192K, reserved 1138688K
  class space    used 12307K, capacity 13042K, committed 13592K, reserved 1048576K
Event: 1526.711 GC heap after
Heap after GC invocations=29 (full 4):
 PSYoungGen      total 293376K, used 38892K [0x00000000e0000000, 0x00000000f7700000, 0x0000000100000000)
  eden space 254464K, 0% used [0x00000000e0000000,0x00000000e0000000,0x00000000ef880000)
  from space 38912K, 99% used [0x00000000ef880000,0x00000000f1e7b380,0x00000000f1e80000)
  to   space 46592K, 0% used [0x00000000f4980000,0x00000000f4980000,0x00000000f7700000)
 ParOldGen       total 221184K, used 74603K [0x00000000a0000000, 0x00000000ad800000, 0x00000000e0000000)
  object space 221184K, 33% used [0x00000000a0000000,0x00000000a48dafc8,0x00000000ad800000)
 Metaspace       used 96848K, capacity 100818K, committed 103192K, reserved 1138688K
  class space    used 12307K, capacity 13042K, committed 13592K, reserved 1048576K
}
Event: 1527.278 GC heap before
{Heap before GC invocations=30 (full 4):
 PSYoungGen      total 293376K, used 293356K [0x00000000e0000000, 0x00000000f7700000, 0x0000000100000000)
  eden space 254464K, 100% used [0x00000000e0000000,0x00000000ef880000,0x00000000ef880000)
  from space 38912K, 99% used [0x00000000ef880000,0x00000000f1e7b380,0x00000000f1e80000)
  to   space 46592K, 0% used [0x00000000f4980000,0x00000000f4980000,0x00000000f7700000)
 ParOldGen       total 221184K, used 74603K [0x00000000a0000000, 0x00000000ad800000, 0x00000000e0000000)
  object space 221184K, 33% used [0x00000000a0000000,0x00000000a48dafc8,0x00000000ad800000)
 Metaspace       used 97230K, capacity 101252K, committed 103576K, reserved 1138688K
  class space    used 12354K, capacity 13115K, committed 13720K, reserved 1048576K
Event: 1527.335 GC heap after
Heap after GC invocations=30 (full 4):
 PSYoungGen      total 327680K, used 46570K [0x00000000e0000000, 0x00000000f9100000, 0x0000000100000000)
  eden space 281088K, 0% used [0x00000000e0000000,0x00000000e0000000,0x00000000f1280000)
  from space 46592K, 99% used [0x00000000f4980000,0x00000000f76fa940,0x00000000f7700000)
  to   space 56320K, 0% used [0x00000000f1280000,0x00000000f1280000,0x00000000f4980000)
 ParOldGen       total 221184K, used 82981K [0x00000000a0000000, 0x00000000ad800000, 0x00000000e0000000)
  object space 221184K, 37% used [0x00000000a0000000,0x00000000a51095a0,0x00000000ad800000)
 Metaspace       used 97230K, capacity 101252K, committed 103576K, reserved 1138688K
  class space    used 12354K, capacity 13115K, committed 13720K, reserved 1048576K
}
Event: 1528.918 GC heap before
{Heap before GC invocations=31 (full 4):
 PSYoungGen      total 327680K, used 327658K [0x00000000e0000000, 0x00000000f9100000, 0x0000000100000000)
  eden space 281088K, 100% used [0x00000000e0000000,0x00000000f1280000,0x00000000f1280000)
  from space 46592K, 99% used [0x00000000f4980000,0x00000000f76fa940,0x00000000f7700000)
  to   space 56320K, 0% used [0x00000000f1280000,0x00000000f1280000,0x00000000f4980000)
 ParOldGen       total 221184K, used 82981K [0x00000000a0000000, 0x00000000ad800000, 0x00000000e0000000)
  object space 221184K, 37% used [0x00000000a0000000,0x00000000a51095a0,0x00000000ad800000)
 Metaspace       used 98011K, capacity 102172K, committed 104088K, reserved 1140736K
  class space    used 12449K, capacity 13237K, committed 13720K, reserved 1048576K
Event: 1528.966 GC heap after
Heap after GC invocations=31 (full 4):
 PSYoungGen      total 337408K, used 56290K [0x00000000e0000000, 0x00000000fcb80000, 0x0000000100000000)
  eden space 281088K, 0% used [0x00000000e0000000,0x00000000e0000000,0x00000000f1280000)
  from space 56320K, 99% used [0x00000000f1280000,0x00000000f4978910,0x00000000f4980000)
  to   space 71680K, 0% used [0x00000000f8580000,0x00000000f8580000,0x00000000fcb80000)
 ParOldGen       total 221184K, used 101162K [0x00000000a0000000, 0x00000000ad800000, 0x00000000e0000000)
  object space 221184K, 45% used [0x00000000a0000000,0x00000000a62ca800,0x00000000ad800000)
 Metaspace       used 98011K, capacity 102172K, committed 104088K, reserved 1140736K
  class space    used 12449K, capacity 13237K, committed 13720K, reserved 1048576K
}
Event: 1553.358 GC heap before
{Heap before GC invocations=32 (full 4):
 PSYoungGen      total 337408K, used 337378K [0x00000000e0000000, 0x00000000fcb80000, 0x0000000100000000)
  eden space 281088K, 100% used [0x00000000e0000000,0x00000000f1280000,0x00000000f1280000)
  from space 56320K, 99% used [0x00000000f1280000,0x00000000f4978910,0x00000000f4980000)
  to   space 71680K, 0% used [0x00000000f8580000,0x00000000f8580000,0x00000000fcb80000)
 ParOldGen       total 221184K, used 101162K [0x00000000a0000000, 0x00000000ad800000, 0x00000000e0000000)
  object space 221184K, 45% used [0x00000000a0000000,0x00000000a62ca800,0x00000000ad800000)
 Metaspace       used 99287K, capacity 103662K, committed 104984K, reserved 1140736K
  class space    used 12606K, capacity 13440K, committed 13848K, reserved 1048576K
Event: 1553.401 GC heap after
Heap after GC invocations=32 (full 4):
 PSYoungGen      total 381440K, used 23327K [0x00000000e0000000, 0x00000000fc000000, 0x0000000100000000)
  eden space 321536K, 0% used [0x00000000e0000000,0x00000000e0000000,0x00000000f3a00000)
  from space 59904K, 38% used [0x00000000f8580000,0x00000000f9c47d60,0x00000000fc000000)
  to   space 68608K, 0% used [0x00000000f3a00000,0x00000000f3a00000,0x00000000f7d00000)
 ParOldGen       total 221184K, used 128001K [0x00000000a0000000, 0x00000000ad800000, 0x00000000e0000000)
  object space 221184K, 57% used [0x00000000a0000000,0x00000000a7d00720,0x00000000ad800000)
 Metaspace       used 99287K, capacity 103662K, committed 104984K, reserved 1140736K
  class space    used 12606K, capacity 13440K, committed 13848K, reserved 1048576K
}
Event: 4177.481 GC heap before
{Heap before GC invocations=33 (full 4):
 PSYoungGen      total 381440K, used 344863K [0x00000000e0000000, 0x00000000fc000000, 0x0000000100000000)
  eden space 321536K, 100% used [0x00000000e0000000,0x00000000f3a00000,0x00000000f3a00000)
  from space 59904K, 38% used [0x00000000f8580000,0x00000000f9c47d60,0x00000000fc000000)
  to   space 68608K, 0% used [0x00000000f3a00000,0x00000000f3a00000,0x00000000f7d00000)
 ParOldGen       total 221184K, used 128001K [0x00000000a0000000, 0x00000000ad800000, 0x00000000e0000000)
  object space 221184K, 57% used [0x00000000a0000000,0x00000000a7d00720,0x00000000ad800000)
 Metaspace       used 101058K, capacity 106206K, committed 106904K, reserved 1142784K
  class space    used 12771K, capacity 13712K, committed 13976K, reserved 1048576K
Event: 4177.610 GC heap after
Heap after GC invocations=33 (full 4):
 PSYoungGen      total 390144K, used 23267K [0x00000000e0000000, 0x00000000fe080000, 0x0000000100000000)
  eden space 321536K, 0% used [0x00000000e0000000,0x00000000e0000000,0x00000000f3a00000)
  from space 68608K, 33% used [0x00000000f3a00000,0x00000000f50b8c38,0x00000000f7d00000)
  to   space 65536K, 0% used [0x00000000fa080000,0x00000000fa080000,0x00000000fe080000)
 ParOldGen       total 221184K, used 128009K [0x00000000a0000000, 0x00000000ad800000, 0x00000000e0000000)
  object space 221184K, 57% used [0x00000000a0000000,0x00000000a7d02720,0x00000000ad800000)
 Metaspace       used 101058K, capacity 106206K, committed 106904K, reserved 1142784K
  class space    used 12771K, capacity 13712K, committed 13976K, reserved 1048576K
}

