# JRE version: OpenJDK Runtime Environment (8.0_202-b03) (build 1.8.0_202-release-1483-b03)
# Java VM: OpenJDK 64-Bit Server VM (25.202-b03 mixed mode windows-amd64 compressed oops)
Heap:
 PSYoungGen      total 392704K, used 374054K [0x00000000e0000000, 0x00000000fa900000, 0x0000000100000000)
  eden space 357376K, 96% used [0x00000000e0000000,0x00000000f5085e90,0x00000000f5d00000)
  from space 35328K, 83% used [0x00000000f8680000,0x00000000fa343aa0,0x00000000fa900000)
  to   space 38912K, 0% used [0x00000000f5d00000,0x00000000f5d00000,0x00000000f8300000)
 ParOldGen       total 107008K, used 84394K [0x00000000a0000000, 0x00000000a6880000, 0x00000000e0000000)
  object space 107008K, 78% used [0x00000000a0000000,0x00000000a526aab8,0x00000000a6880000)
 Metaspace       used 89489K, capacity 94172K, committed 94376K, reserved 1130496K
  class space    used 11612K, capacity 12611K, committed 12712K, reserved 1048576K
GC Heap History (10 events):
Event: 10.643 GC heap before
{Heap before GC invocations=15 (full 3):
 PSYoungGen      total 209408K, used 384K [0x00000000e0000000, 0x00000000f0900000, 0x0000000100000000)
  eden space 190464K, 0% used [0x00000000e0000000,0x00000000e0000000,0x00000000eba00000)
  from space 18944K, 2% used [0x00000000ecd00000,0x00000000ecd60000,0x00000000edf80000)
  to   space 19456K, 0% used [0x00000000eba00000,0x00000000eba00000,0x00000000ecd00000)
 ParOldGen       total 83968K, used 35746K [0x00000000a0000000, 0x00000000a5200000, 0x00000000e0000000)
  object space 83968K, 42% used [0x00000000a0000000,0x00000000a22e8a80,0x00000000a5200000)
 Metaspace       used 56991K, capacity 59106K, committed 59160K, reserved 1099776K
  class space    used 7795K, capacity 8306K, committed 8360K, reserved 1048576K
Event: 10.887 GC heap after
Heap after GC invocations=15 (full 3):
 PSYoungGen      total 209408K, used 0K [0x00000000e0000000, 0x00000000f0900000, 0x0000000100000000)
  eden space 190464K, 0% used [0x00000000e0000000,0x00000000e0000000,0x00000000eba00000)
  from space 18944K, 0% used [0x00000000ecd00000,0x00000000ecd00000,0x00000000edf80000)
  to   space 19456K, 0% used [0x00000000eba00000,0x00000000eba00000,0x00000000ecd00000)
 ParOldGen       total 107008K, used 28659K [0x00000000a0000000, 0x00000000a6880000, 0x00000000e0000000)
  object space 107008K, 26% used [0x00000000a0000000,0x00000000a1bfcd58,0x00000000a6880000)
 Metaspace       used 56765K, capacity 58458K, committed 59160K, reserved 1099776K
  class space    used 7729K, capacity 8188K, committed 8360K, reserved 1048576K
}
Event: 85.191 GC heap before
{Heap before GC invocations=16 (full 3):
 PSYoungGen      total 209408K, used 190464K [0x00000000e0000000, 0x00000000f0900000, 0x0000000100000000)
  eden space 190464K, 100% used [0x00000000e0000000,0x00000000eba00000,0x00000000eba00000)
  from space 18944K, 0% used [0x00000000ecd00000,0x00000000ecd00000,0x00000000edf80000)
  to   space 19456K, 0% used [0x00000000eba00000,0x00000000eba00000,0x00000000ecd00000)
 ParOldGen       total 107008K, used 28659K [0x00000000a0000000, 0x00000000a6880000, 0x00000000e0000000)
  object space 107008K, 26% used [0x00000000a0000000,0x00000000a1bfcd58,0x00000000a6880000)
 Metaspace       used 63809K, capacity 66118K, committed 66344K, reserved 1105920K
  class space    used 8396K, capacity 8942K, committed 9000K, reserved 1048576K
Event: 85.209 GC heap after
Heap after GC invocations=16 (full 3):
 PSYoungGen      total 209920K, used 12947K [0x00000000e0000000, 0x00000000f3100000, 0x0000000100000000)
  eden space 190464K, 0% used [0x00000000e0000000,0x00000000e0000000,0x00000000eba00000)
  from space 19456K, 66% used [0x00000000eba00000,0x00000000ec6a4cc8,0x00000000ecd00000)
  to   space 19968K, 0% used [0x00000000f1d80000,0x00000000f1d80000,0x00000000f3100000)
 ParOldGen       total 107008K, used 28667K [0x00000000a0000000, 0x00000000a6880000, 0x00000000e0000000)
  object space 107008K, 26% used [0x00000000a0000000,0x00000000a1bfed58,0x00000000a6880000)
 Metaspace       used 63809K, capacity 66118K, committed 66344K, reserved 1105920K
  class space    used 8396K, capacity 8942K, committed 9000K, reserved 1048576K
}
Event: 87.976 GC heap before
{Heap before GC invocations=17 (full 3):
 PSYoungGen      total 209920K, used 203411K [0x00000000e0000000, 0x00000000f3100000, 0x0000000100000000)
  eden space 190464K, 100% used [0x00000000e0000000,0x00000000eba00000,0x00000000eba00000)
  from space 19456K, 66% used [0x00000000eba00000,0x00000000ec6a4cc8,0x00000000ecd00000)
  to   space 19968K, 0% used [0x00000000f1d80000,0x00000000f1d80000,0x00000000f3100000)
 ParOldGen       total 107008K, used 28667K [0x00000000a0000000, 0x00000000a6880000, 0x00000000e0000000)
  object space 107008K, 26% used [0x00000000a0000000,0x00000000a1bfed58,0x00000000a6880000)
 Metaspace       used 68664K, capacity 71222K, committed 71464K, reserved 1112064K
  class space    used 8890K, capacity 9494K, committed 9512K, reserved 1048576K
Event: 87.997 GC heap after
Heap after GC invocations=17 (full 3):
 PSYoungGen      total 284672K, used 18604K [0x00000000e0000000, 0x00000000f3000000, 0x0000000100000000)
  eden space 265728K, 0% used [0x00000000e0000000,0x00000000e0000000,0x00000000f0380000)
  from space 18944K, 98% used [0x00000000f1d80000,0x00000000f2fab218,0x00000000f3000000)
  to   space 22528K, 0% used [0x00000000f0400000,0x00000000f0400000,0x00000000f1a00000)
 ParOldGen       total 107008K, used 37026K [0x00000000a0000000, 0x00000000a6880000, 0x00000000e0000000)
  object space 107008K, 34% used [0x00000000a0000000,0x00000000a2428a40,0x00000000a6880000)
 Metaspace       used 68664K, capacity 71222K, committed 71464K, reserved 1112064K
  class space    used 8890K, capacity 9494K, committed 9512K, reserved 1048576K
}
Event: 92.475 GC heap before
{Heap before GC invocations=18 (full 3):
 PSYoungGen      total 284672K, used 284332K [0x00000000e0000000, 0x00000000f3000000, 0x0000000100000000)
  eden space 265728K, 100% used [0x00000000e0000000,0x00000000f0380000,0x00000000f0380000)
  from space 18944K, 98% used [0x00000000f1d80000,0x00000000f2fab218,0x00000000f3000000)
  to   space 22528K, 0% used [0x00000000f0400000,0x00000000f0400000,0x00000000f1a00000)
 ParOldGen       total 107008K, used 37026K [0x00000000a0000000, 0x00000000a6880000, 0x00000000e0000000)
  object space 107008K, 34% used [0x00000000a0000000,0x00000000a2428a40,0x00000000a6880000)
 Metaspace       used 76456K, capacity 79062K, committed 79272K, reserved 1118208K
  class space    used 9756K, capacity 10362K, committed 10408K, reserved 1048576K
Event: 92.582 GC heap after
Heap after GC invocations=18 (full 3):
 PSYoungGen      total 288768K, used 22517K [0x00000000e0000000, 0x00000000fa900000, 0x0000000100000000)
  eden space 266240K, 0% used [0x00000000e0000000,0x00000000e0000000,0x00000000f0400000)
  from space 22528K, 99% used [0x00000000f0400000,0x00000000f19fd798,0x00000000f1a00000)
  to   space 35328K, 0% used [0x00000000f8680000,0x00000000f8680000,0x00000000fa900000)
 ParOldGen       total 107008K, used 63143K [0x00000000a0000000, 0x00000000a6880000, 0x00000000e0000000)
  object space 107008K, 59% used [0x00000000a0000000,0x00000000a3da9dd8,0x00000000a6880000)
 Metaspace       used 76456K, capacity 79062K, committed 79272K, reserved 1118208K
  class space    used 9756K, capacity 10362K, committed 10408K, reserved 1048576K
}
Event: 95.383 GC heap before
{Heap before GC invocations=19 (full 3):
 PSYoungGen      total 288768K, used 288536K [0x00000000e0000000, 0x00000000fa900000, 0x0000000100000000)
  eden space 266240K, 99% used [0x00000000e0000000,0x00000000f03c8960,0x00000000f0400000)
  from space 22528K, 99% used [0x00000000f0400000,0x00000000f19fd798,0x00000000f1a00000)
  to   space 35328K, 0% used [0x00000000f8680000,0x00000000f8680000,0x00000000fa900000)
 ParOldGen       total 107008K, used 63143K [0x00000000a0000000, 0x00000000a6880000, 0x00000000e0000000)
  object space 107008K, 59% used [0x00000000a0000000,0x00000000a3da9dd8,0x00000000a6880000)
 Metaspace       used 87426K, capacity 91956K, committed 92072K, reserved 1128448K
  class space    used 11407K, capacity 12367K, committed 12456K, reserved 1048576K
Event: 95.426 GC heap after
Heap after GC invocations=19 (full 3):
 PSYoungGen      total 392704K, used 29454K [0x00000000e0000000, 0x00000000fa900000, 0x0000000100000000)
  eden space 357376K, 0% used [0x00000000e0000000,0x00000000e0000000,0x00000000f5d00000)
  from space 35328K, 83% used [0x00000000f8680000,0x00000000fa343aa0,0x00000000fa900000)
  to   space 38912K, 0% used [0x00000000f5d00000,0x00000000f5d00000,0x00000000f8300000)
 ParOldGen       total 107008K, used 84394K [0x00000000a0000000, 0x00000000a6880000, 0x00000000e0000000)
  object space 107008K, 78% used [0x00000000a0000000,0x00000000a526aab8,0x00000000a6880000)
 Metaspace       used 87426K, capacity 91956K, committed 92072K, reserved 1128448K
  class space    used 11407K, capacity 12367K, committed 12456K, reserved 1048576K
}

