# JRE version: OpenJDK Runtime Environment (8.0_202-b03) (build 1.8.0_202-release-1483-b03)
# Java VM: OpenJDK 64-Bit Server VM (25.202-b03 mixed mode windows-amd64 compressed oops)
Heap:
 PSYoungGen      total 474624K, used 100213K [0x00000000e0000000, 0x00000000ffe80000, 0x0000000100000000)
  eden space 428544K, 21% used [0x00000000e0000000,0x00000000e59c8c78,0x00000000fa280000)
  from space 46080K, 17% used [0x00000000fd180000,0x00000000fd994a58,0x00000000ffe80000)
  to   space 47104K, 0% used [0x00000000fa280000,0x00000000fa280000,0x00000000fd080000)
 ParOldGen       total 202240K, used 93460K [0x00000000a0000000, 0x00000000ac580000, 0x00000000e0000000)
  object space 202240K, 46% used [0x00000000a0000000,0x00000000a5b452f8,0x00000000ac580000)
 Metaspace       used 96025K, capacity 100859K, committed 102976K, reserved 1138688K
  class space    used 12212K, capacity 13190K, committed 13696K, reserved 1048576K
GC Heap History (10 events):
Event: 4265.389 GC heap before
{Heap before GC invocations=36 (full 4):
 PSYoungGen      total 325632K, used 310107K [0x00000000e0000000, 0x00000000fae80000, 0x0000000100000000)
  eden space 277504K, 100% used [0x00000000e0000000,0x00000000f0f00000,0x00000000f0f00000)
  from space 48128K, 67% used [0x00000000f0f00000,0x00000000f2ed6e70,0x00000000f3e00000)
  to   space 49664K, 0% used [0x00000000f7e00000,0x00000000f7e00000,0x00000000fae80000)
 ParOldGen       total 202240K, used 58777K [0x00000000a0000000, 0x00000000ac580000, 0x00000000e0000000)
  object space 202240K, 29% used [0x00000000a0000000,0x00000000a3966790,0x00000000ac580000)
 Metaspace       used 95648K, capacity 100429K, committed 102464K, reserved 1138688K
  class space    used 12209K, capacity 13187K, committed 13696K, reserved 1048576K
Event: 4265.463 GC heap after
Heap after GC invocations=36 (full 4):
 PSYoungGen      total 389632K, used 32736K [0x00000000e0000000, 0x00000000faf00000, 0x0000000100000000)
  eden space 339968K, 0% used [0x00000000e0000000,0x00000000e0000000,0x00000000f4c00000)
  from space 49664K, 65% used [0x00000000f7e00000,0x00000000f9df83a8,0x00000000fae80000)
  to   space 50688K, 0% used [0x00000000f4c00000,0x00000000f4c00000,0x00000000f7d80000)
 ParOldGen       total 202240K, used 62057K [0x00000000a0000000, 0x00000000ac580000, 0x00000000e0000000)
  object space 202240K, 30% used [0x00000000a0000000,0x00000000a3c9a588,0x00000000ac580000)
 Metaspace       used 95648K, capacity 100429K, committed 102464K, reserved 1138688K
  class space    used 12209K, capacity 13187K, committed 13696K, reserved 1048576K
}
Event: 4265.910 GC heap before
{Heap before GC invocations=37 (full 4):
 PSYoungGen      total 389632K, used 372703K [0x00000000e0000000, 0x00000000faf00000, 0x0000000100000000)
  eden space 339968K, 99% used [0x00000000e0000000,0x00000000f4bff9a0,0x00000000f4c00000)
  from space 49664K, 65% used [0x00000000f7e00000,0x00000000f9df83a8,0x00000000fae80000)
  to   space 50688K, 0% used [0x00000000f4c00000,0x00000000f4c00000,0x00000000f7d80000)
 ParOldGen       total 202240K, used 62057K [0x00000000a0000000, 0x00000000ac580000, 0x00000000e0000000)
  object space 202240K, 30% used [0x00000000a0000000,0x00000000a3c9a588,0x00000000ac580000)
 Metaspace       used 95781K, capacity 100565K, committed 102720K, reserved 1138688K
  class space    used 12209K, capacity 13187K, committed 13696K, reserved 1048576K
Event: 4265.961 GC heap after
Heap after GC invocations=37 (full 4):
 PSYoungGen      total 390656K, used 27677K [0x00000000e0000000, 0x00000000feb00000, 0x0000000100000000)
  eden space 339968K, 0% used [0x00000000e0000000,0x00000000e0000000,0x00000000f4c00000)
  from space 50688K, 54% used [0x00000000f4c00000,0x00000000f6707698,0x00000000f7d80000)
  to   space 49664K, 0% used [0x00000000fba80000,0x00000000fba80000,0x00000000feb00000)
 ParOldGen       total 202240K, used 66068K [0x00000000a0000000, 0x00000000ac580000, 0x00000000e0000000)
  object space 202240K, 32% used [0x00000000a0000000,0x00000000a40853d0,0x00000000ac580000)
 Metaspace       used 95781K, capacity 100565K, committed 102720K, reserved 1138688K
  class space    used 12209K, capacity 13187K, committed 13696K, reserved 1048576K
}
Event: 4266.626 GC heap before
{Heap before GC invocations=38 (full 4):
 PSYoungGen      total 390656K, used 367645K [0x00000000e0000000, 0x00000000feb00000, 0x0000000100000000)
  eden space 339968K, 100% used [0x00000000e0000000,0x00000000f4c00000,0x00000000f4c00000)
  from space 50688K, 54% used [0x00000000f4c00000,0x00000000f6707698,0x00000000f7d80000)
  to   space 49664K, 0% used [0x00000000fba80000,0x00000000fba80000,0x00000000feb00000)
 ParOldGen       total 202240K, used 66068K [0x00000000a0000000, 0x00000000ac580000, 0x00000000e0000000)
  object space 202240K, 32% used [0x00000000a0000000,0x00000000a40853d0,0x00000000ac580000)
 Metaspace       used 95907K, capacity 100701K, committed 102720K, reserved 1138688K
  class space    used 12210K, capacity 13187K, committed 13696K, reserved 1048576K
Event: 4266.650 GC heap after
Heap after GC invocations=38 (full 4):
 PSYoungGen      total 444928K, used 18025K [0x00000000e0000000, 0x00000000fe580000, 0x0000000100000000)
  eden space 400896K, 0% used [0x00000000e0000000,0x00000000e0000000,0x00000000f8780000)
  from space 44032K, 40% used [0x00000000fba80000,0x00000000fcc1a4b0,0x00000000fe580000)
  to   space 48128K, 0% used [0x00000000f8780000,0x00000000f8780000,0x00000000fb680000)
 ParOldGen       total 202240K, used 72241K [0x00000000a0000000, 0x00000000ac580000, 0x00000000e0000000)
  object space 202240K, 35% used [0x00000000a0000000,0x00000000a468c6d0,0x00000000ac580000)
 Metaspace       used 95907K, capacity 100701K, committed 102720K, reserved 1138688K
  class space    used 12210K, capacity 13187K, committed 13696K, reserved 1048576K
}
Event: 4267.279 GC heap before
{Heap before GC invocations=39 (full 4):
 PSYoungGen      total 444928K, used 418921K [0x00000000e0000000, 0x00000000fe580000, 0x0000000100000000)
  eden space 400896K, 100% used [0x00000000e0000000,0x00000000f8780000,0x00000000f8780000)
  from space 44032K, 40% used [0x00000000fba80000,0x00000000fcc1a4b0,0x00000000fe580000)
  to   space 48128K, 0% used [0x00000000f8780000,0x00000000f8780000,0x00000000fb680000)
 ParOldGen       total 202240K, used 72241K [0x00000000a0000000, 0x00000000ac580000, 0x00000000e0000000)
  object space 202240K, 35% used [0x00000000a0000000,0x00000000a468c6d0,0x00000000ac580000)
 Metaspace       used 95954K, capacity 100791K, committed 102976K, reserved 1138688K
  class space    used 12212K, capacity 13190K, committed 13696K, reserved 1048576K
Event: 4267.301 GC heap after
Heap after GC invocations=39 (full 4):
 PSYoungGen      total 449024K, used 11894K [0x00000000e0000000, 0x0000000100000000, 0x0000000100000000)
  eden space 400896K, 0% used [0x00000000e0000000,0x00000000e0000000,0x00000000f8780000)
  from space 48128K, 24% used [0x00000000f8780000,0x00000000f931d8f8,0x00000000fb680000)
  to   space 47616K, 0% used [0x00000000fd180000,0x00000000fd180000,0x0000000100000000)
 ParOldGen       total 202240K, used 83322K [0x00000000a0000000, 0x00000000ac580000, 0x00000000e0000000)
  object space 202240K, 41% used [0x00000000a0000000,0x00000000a515ebe8,0x00000000ac580000)
 Metaspace       used 95954K, capacity 100791K, committed 102976K, reserved 1138688K
  class space    used 12212K, capacity 13190K, committed 13696K, reserved 1048576K
}
Event: 4268.755 GC heap before
{Heap before GC invocations=40 (full 4):
 PSYoungGen      total 449024K, used 412790K [0x00000000e0000000, 0x0000000100000000, 0x0000000100000000)
  eden space 400896K, 100% used [0x00000000e0000000,0x00000000f8780000,0x00000000f8780000)
  from space 48128K, 24% used [0x00000000f8780000,0x00000000f931d8f8,0x00000000fb680000)
  to   space 47616K, 0% used [0x00000000fd180000,0x00000000fd180000,0x0000000100000000)
 ParOldGen       total 202240K, used 83322K [0x00000000a0000000, 0x00000000ac580000, 0x00000000e0000000)
  object space 202240K, 41% used [0x00000000a0000000,0x00000000a515ebe8,0x00000000ac580000)
 Metaspace       used 95982K, capacity 100795K, committed 102976K, reserved 1138688K
  class space    used 12212K, capacity 13190K, committed 13696K, reserved 1048576K
Event: 4268.887 GC heap after
Heap after GC invocations=40 (full 4):
 PSYoungGen      total 474624K, used 8274K [0x00000000e0000000, 0x00000000ffe80000, 0x0000000100000000)
  eden space 428544K, 0% used [0x00000000e0000000,0x00000000e0000000,0x00000000fa280000)
  from space 46080K, 17% used [0x00000000fd180000,0x00000000fd994a58,0x00000000ffe80000)
  to   space 47104K, 0% used [0x00000000fa280000,0x00000000fa280000,0x00000000fd080000)
 ParOldGen       total 202240K, used 93460K [0x00000000a0000000, 0x00000000ac580000, 0x00000000e0000000)
  object space 202240K, 46% used [0x00000000a0000000,0x00000000a5b452f8,0x00000000ac580000)
 Metaspace       used 95982K, capacity 100795K, committed 102976K, reserved 1138688K
  class space    used 12212K, capacity 13190K, committed 13696K, reserved 1048576K
}

