# JRE version: OpenJDK Runtime Environment (8.0_202-b03) (build 1.8.0_202-release-1483-b03)
# Java VM: OpenJDK 64-Bit Server VM (25.202-b03 mixed mode windows-amd64 compressed oops)
Heap:
 PSYoungGen      total 436224K, used 100875K [0x00000000e0000000, 0x00000000ffa80000, 0x0000000100000000)
  eden space 361984K, 25% used [0x00000000e0000000,0x00000000e5a1ee28,0x00000000f6180000)
  from space 74240K, 11% used [0x00000000fb200000,0x00000000fba64090,0x00000000ffa80000)
  to   space 78336K, 0% used [0x00000000f6180000,0x00000000f6180000,0x00000000fae00000)
 ParOldGen       total 285696K, used 106782K [0x00000000a0000000, 0x00000000b1700000, 0x00000000e0000000)
  object space 285696K, 37% used [0x00000000a0000000,0x00000000a6847810,0x00000000b1700000)
 Metaspace       used 113339K, capacity 120146K, committed 120320K, reserved 1153024K
  class space    used 14456K, capacity 15699K, committed 15872K, reserved 1048576K
GC Heap History (10 events):
Event: 4328.770 GC heap before
{Heap before GC invocations=33 (full 5):
 PSYoungGen      total 433664K, used 362449K [0x00000000e0000000, 0x0000000100000000, 0x0000000100000000)
  eden space 351744K, 100% used [0x00000000e0000000,0x00000000f5780000,0x00000000f5780000)
  from space 81920K, 13% used [0x00000000f5780000,0x00000000f61f44e0,0x00000000fa780000)
  to   space 80896K, 0% used [0x00000000fb100000,0x00000000fb100000,0x0000000100000000)
 ParOldGen       total 285696K, used 106398K [0x00000000a0000000, 0x00000000b1700000, 0x00000000e0000000)
  object space 285696K, 37% used [0x00000000a0000000,0x00000000a67e7800,0x00000000b1700000)
 Metaspace       used 110121K, capacity 115490K, committed 115712K, reserved 1148928K
  class space    used 14110K, capacity 15193K, committed 15360K, reserved 1048576K
Event: 4328.795 GC heap after
Heap after GC invocations=33 (full 5):
 PSYoungGen      total 436224K, used 13961K [0x00000000e0000000, 0x00000000ffa00000, 0x0000000100000000)
  eden space 361472K, 0% used [0x00000000e0000000,0x00000000e0000000,0x00000000f6100000)
  from space 74752K, 18% used [0x00000000fb100000,0x00000000fbea27b0,0x00000000ffa00000)
  to   space 78336K, 0% used [0x00000000f6100000,0x00000000f6100000,0x00000000fad80000)
 ParOldGen       total 285696K, used 106406K [0x00000000a0000000, 0x00000000b1700000, 0x00000000e0000000)
  object space 285696K, 37% used [0x00000000a0000000,0x00000000a67e9800,0x00000000b1700000)
 Metaspace       used 110121K, capacity 115490K, committed 115712K, reserved 1148928K
  class space    used 14110K, capacity 15193K, committed 15360K, reserved 1048576K
}
Event: 5166.770 GC heap before
{Heap before GC invocations=34 (full 5):
 PSYoungGen      total 436224K, used 375433K [0x00000000e0000000, 0x00000000ffa00000, 0x0000000100000000)
  eden space 361472K, 100% used [0x00000000e0000000,0x00000000f6100000,0x00000000f6100000)
  from space 74752K, 18% used [0x00000000fb100000,0x00000000fbea27b0,0x00000000ffa00000)
  to   space 78336K, 0% used [0x00000000f6100000,0x00000000f6100000,0x00000000fad80000)
 ParOldGen       total 285696K, used 106406K [0x00000000a0000000, 0x00000000b1700000, 0x00000000e0000000)
  object space 285696K, 37% used [0x00000000a0000000,0x00000000a67e9800,0x00000000b1700000)
 Metaspace       used 110565K, capacity 116090K, committed 116480K, reserved 1150976K
  class space    used 14129K, capacity 15241K, committed 15360K, reserved 1048576K
Event: 5166.889 GC heap after
Heap after GC invocations=34 (full 5):
 PSYoungGen      total 439808K, used 19263K [0x00000000e0000000, 0x00000000ffd80000, 0x0000000100000000)
  eden space 361472K, 0% used [0x00000000e0000000,0x00000000e0000000,0x00000000f6100000)
  from space 78336K, 24% used [0x00000000f6100000,0x00000000f73cff00,0x00000000fad80000)
  to   space 75264K, 0% used [0x00000000fb400000,0x00000000fb400000,0x00000000ffd80000)
 ParOldGen       total 285696K, used 106414K [0x00000000a0000000, 0x00000000b1700000, 0x00000000e0000000)
  object space 285696K, 37% used [0x00000000a0000000,0x00000000a67eb800,0x00000000b1700000)
 Metaspace       used 110565K, capacity 116090K, committed 116480K, reserved 1150976K
  class space    used 14129K, capacity 15241K, committed 15360K, reserved 1048576K
}
Event: 5170.450 GC heap before
{Heap before GC invocations=35 (full 5):
 PSYoungGen      total 439808K, used 380735K [0x00000000e0000000, 0x00000000ffd80000, 0x0000000100000000)
  eden space 361472K, 100% used [0x00000000e0000000,0x00000000f6100000,0x00000000f6100000)
  from space 78336K, 24% used [0x00000000f6100000,0x00000000f73cff00,0x00000000fad80000)
  to   space 75264K, 0% used [0x00000000fb400000,0x00000000fb400000,0x00000000ffd80000)
 ParOldGen       total 285696K, used 106414K [0x00000000a0000000, 0x00000000b1700000, 0x00000000e0000000)
  object space 285696K, 37% used [0x00000000a0000000,0x00000000a67eb800,0x00000000b1700000)
 Metaspace       used 111493K, capacity 117020K, committed 117248K, reserved 1150976K
  class space    used 14195K, capacity 15280K, committed 15360K, reserved 1048576K
Event: 5170.695 GC heap after
Heap after GC invocations=35 (full 5):
 PSYoungGen      total 434688K, used 59413K [0x00000000e0000000, 0x0000000100000000, 0x0000000100000000)
  eden space 359424K, 0% used [0x00000000e0000000,0x00000000e0000000,0x00000000f5f00000)
  from space 75264K, 78% used [0x00000000fb400000,0x00000000fee055c0,0x00000000ffd80000)
  to   space 82432K, 0% used [0x00000000f5f00000,0x00000000f5f00000,0x00000000faf80000)
 ParOldGen       total 285696K, used 106422K [0x00000000a0000000, 0x00000000b1700000, 0x00000000e0000000)
  object space 285696K, 37% used [0x00000000a0000000,0x00000000a67ed800,0x00000000b1700000)
 Metaspace       used 111493K, capacity 117020K, committed 117248K, reserved 1150976K
  class space    used 14195K, capacity 15280K, committed 15360K, reserved 1048576K
}
Event: 5228.867 GC heap before
{Heap before GC invocations=36 (full 5):
 PSYoungGen      total 434688K, used 418837K [0x00000000e0000000, 0x0000000100000000, 0x0000000100000000)
  eden space 359424K, 100% used [0x00000000e0000000,0x00000000f5f00000,0x00000000f5f00000)
  from space 75264K, 78% used [0x00000000fb400000,0x00000000fee055c0,0x00000000ffd80000)
  to   space 82432K, 0% used [0x00000000f5f00000,0x00000000f5f00000,0x00000000faf80000)
 ParOldGen       total 285696K, used 106422K [0x00000000a0000000, 0x00000000b1700000, 0x00000000e0000000)
  object space 285696K, 37% used [0x00000000a0000000,0x00000000a67ed800,0x00000000b1700000)
 Metaspace       used 112670K, capacity 119036K, committed 119296K, reserved 1153024K
  class space    used 14371K, capacity 15558K, committed 15616K, reserved 1048576K
Event: 5228.908 GC heap after
Heap after GC invocations=36 (full 5):
 PSYoungGen      total 441856K, used 14337K [0x00000000e0000000, 0x0000000100000000, 0x0000000100000000)
  eden space 359424K, 0% used [0x00000000e0000000,0x00000000e0000000,0x00000000f5f00000)
  from space 82432K, 17% used [0x00000000f5f00000,0x00000000f6d00620,0x00000000faf80000)
  to   space 79872K, 0% used [0x00000000fb200000,0x00000000fb200000,0x0000000100000000)
 ParOldGen       total 285696K, used 106774K [0x00000000a0000000, 0x00000000b1700000, 0x00000000e0000000)
  object space 285696K, 37% used [0x00000000a0000000,0x00000000a6845810,0x00000000b1700000)
 Metaspace       used 112670K, capacity 119036K, committed 119296K, reserved 1153024K
  class space    used 14371K, capacity 15558K, committed 15616K, reserved 1048576K
}
Event: 5277.974 GC heap before
{Heap before GC invocations=37 (full 5):
 PSYoungGen      total 441856K, used 373761K [0x00000000e0000000, 0x0000000100000000, 0x0000000100000000)
  eden space 359424K, 100% used [0x00000000e0000000,0x00000000f5f00000,0x00000000f5f00000)
  from space 82432K, 17% used [0x00000000f5f00000,0x00000000f6d00620,0x00000000faf80000)
  to   space 79872K, 0% used [0x00000000fb200000,0x00000000fb200000,0x0000000100000000)
 ParOldGen       total 285696K, used 106774K [0x00000000a0000000, 0x00000000b1700000, 0x00000000e0000000)
  object space 285696K, 37% used [0x00000000a0000000,0x00000000a6845810,0x00000000b1700000)
 Metaspace       used 113186K, capacity 120056K, committed 120192K, reserved 1153024K
  class space    used 14447K, capacity 15696K, committed 15744K, reserved 1048576K
Event: 5277.996 GC heap after
Heap after GC invocations=37 (full 5):
 PSYoungGen      total 436224K, used 8592K [0x00000000e0000000, 0x00000000ffa80000, 0x0000000100000000)
  eden space 361984K, 0% used [0x00000000e0000000,0x00000000e0000000,0x00000000f6180000)
  from space 74240K, 11% used [0x00000000fb200000,0x00000000fba64090,0x00000000ffa80000)
  to   space 78336K, 0% used [0x00000000f6180000,0x00000000f6180000,0x00000000fae00000)
 ParOldGen       total 285696K, used 106782K [0x00000000a0000000, 0x00000000b1700000, 0x00000000e0000000)
  object space 285696K, 37% used [0x00000000a0000000,0x00000000a6847810,0x00000000b1700000)
 Metaspace       used 113186K, capacity 120056K, committed 120192K, reserved 1153024K
  class space    used 14447K, capacity 15696K, committed 15744K, reserved 1048576K
}

